[2025-01-20T12:06:16.452+0000] {local_task_job_runner.py:123} INFO - ::group::Pre task execution logs
[2025-01-20T12:06:16.465+0000] {taskinstance.py:2613} INFO - Dependencies all met for dep_context=non-requeueable deps ti=<TaskInstance: dag_cr_table_snowflake.print_message manual__2025-01-20T12:06:03.660462+00:00 [queued]>
[2025-01-20T12:06:16.471+0000] {taskinstance.py:2613} INFO - Dependencies all met for dep_context=requeueable deps ti=<TaskInstance: dag_cr_table_snowflake.print_message manual__2025-01-20T12:06:03.660462+00:00 [queued]>
[2025-01-20T12:06:16.471+0000] {taskinstance.py:2866} INFO - Starting attempt 1 of 2
[2025-01-20T12:06:16.486+0000] {taskinstance.py:2889} INFO - Executing <Task(_PythonDecoratedOperator): print_message> on 2025-01-20 12:06:03.660462+00:00
[2025-01-20T12:06:16.506+0000] {warnings.py:112} WARNING - /home/***/.local/lib/python3.12/site-packages/***/task/task_runner/standard_task_runner.py:70: DeprecationWarning: This process (pid=1427) is multi-threaded, use of fork() may lead to deadlocks in the child.
  pid = os.fork()

[2025-01-20T12:06:16.510+0000] {standard_task_runner.py:72} INFO - Started process 1429 to run task
[2025-01-20T12:06:16.523+0000] {standard_task_runner.py:104} INFO - Running: ['***', 'tasks', 'run', 'dag_cr_table_snowflake', 'print_message', 'manual__2025-01-20T12:06:03.660462+00:00', '--job-id', '13', '--raw', '--subdir', 'DAGS_FOLDER/dag_create_table.py', '--cfg-path', '/tmp/tmpjdhmg0ll']
[2025-01-20T12:06:16.530+0000] {standard_task_runner.py:105} INFO - Job 13: Subtask print_message
[2025-01-20T12:06:16.594+0000] {task_command.py:467} INFO - Running <TaskInstance: dag_cr_table_snowflake.print_message manual__2025-01-20T12:06:03.660462+00:00 [running]> on host fd6029332267
[2025-01-20T12:06:16.664+0000] {taskinstance.py:3132} INFO - Exporting env vars: AIRFLOW_CTX_DAG_OWNER='***' AIRFLOW_CTX_DAG_ID='dag_cr_table_snowflake' AIRFLOW_CTX_TASK_ID='print_message' AIRFLOW_CTX_EXECUTION_DATE='2025-01-20T12:06:03.660462+00:00' AIRFLOW_CTX_TRY_NUMBER='1' AIRFLOW_CTX_DAG_RUN_ID='manual__2025-01-20T12:06:03.660462+00:00'
[2025-01-20T12:06:16.665+0000] {taskinstance.py:731} INFO - ::endgroup::
[2025-01-20T12:06:16.667+0000] {logging_mixin.py:190} INFO - Snowflake query execution is complete!
[2025-01-20T12:06:16.667+0000] {python.py:240} INFO - Done. Returned value was: None
[2025-01-20T12:06:16.674+0000] {taskinstance.py:340} INFO - ::group::Post task execution logs
[2025-01-20T12:06:16.674+0000] {taskinstance.py:352} INFO - Marking task as SUCCESS. dag_id=dag_cr_table_snowflake, task_id=print_message, run_id=manual__2025-01-20T12:06:03.660462+00:00, execution_date=20250120T120603, start_date=20250120T120616, end_date=20250120T120616
[2025-01-20T12:06:16.701+0000] {local_task_job_runner.py:266} INFO - Task exited with return code 0
[2025-01-20T12:06:16.712+0000] {taskinstance.py:3895} INFO - 0 downstream tasks scheduled from follow-on schedule check
[2025-01-20T12:06:16.716+0000] {local_task_job_runner.py:245} INFO - ::endgroup::
