[2025-01-20T10:38:53.842+0000] {local_task_job_runner.py:123} INFO - ::group::Pre task execution logs
[2025-01-20T10:38:53.851+0000] {taskinstance.py:2613} INFO - Dependencies all met for dep_context=non-requeueable deps ti=<TaskInstance: snowflake_dag_decorator_example.run_snowflake_query manual__2025-01-20T10:38:51.336787+00:00 [queued]>
[2025-01-20T10:38:53.855+0000] {taskinstance.py:2613} INFO - Dependencies all met for dep_context=requeueable deps ti=<TaskInstance: snowflake_dag_decorator_example.run_snowflake_query manual__2025-01-20T10:38:51.336787+00:00 [queued]>
[2025-01-20T10:38:53.855+0000] {taskinstance.py:2866} INFO - Starting attempt 1 of 2
[2025-01-20T10:38:53.864+0000] {taskinstance.py:2889} INFO - Executing <Task(SnowflakeOperator): run_snowflake_query> on 2025-01-20 10:38:51.336787+00:00
[2025-01-20T10:38:53.871+0000] {warnings.py:112} WARNING - /home/***/.local/lib/python3.12/site-packages/***/task/task_runner/standard_task_runner.py:70: DeprecationWarning: This process (pid=603) is multi-threaded, use of fork() may lead to deadlocks in the child.
  pid = os.fork()

[2025-01-20T10:38:53.874+0000] {standard_task_runner.py:72} INFO - Started process 605 to run task
[2025-01-20T10:38:53.876+0000] {standard_task_runner.py:104} INFO - Running: ['***', 'tasks', 'run', 'snowflake_dag_decorator_example', 'run_snowflake_query', 'manual__2025-01-20T10:38:51.336787+00:00', '--job-id', '5', '--raw', '--subdir', 'DAGS_FOLDER/test_***_snowflake.py', '--cfg-path', '/tmp/tmpm0tzsey6']
[2025-01-20T10:38:53.880+0000] {standard_task_runner.py:105} INFO - Job 5: Subtask run_snowflake_query
[2025-01-20T10:38:53.916+0000] {task_command.py:467} INFO - Running <TaskInstance: snowflake_dag_decorator_example.run_snowflake_query manual__2025-01-20T10:38:51.336787+00:00 [running]> on host fd6029332267
[2025-01-20T10:38:53.990+0000] {taskinstance.py:3132} INFO - Exporting env vars: AIRFLOW_CTX_DAG_OWNER='***' AIRFLOW_CTX_DAG_ID='snowflake_dag_decorator_example' AIRFLOW_CTX_TASK_ID='run_snowflake_query' AIRFLOW_CTX_EXECUTION_DATE='2025-01-20T10:38:51.336787+00:00' AIRFLOW_CTX_TRY_NUMBER='1' AIRFLOW_CTX_DAG_RUN_ID='manual__2025-01-20T10:38:51.336787+00:00'
[2025-01-20T10:38:53.992+0000] {taskinstance.py:731} INFO - ::endgroup::
[2025-01-20T10:38:53.994+0000] {sql.py:278} INFO - Executing: SELECT CURRENT_VERSION();
[2025-01-20T10:38:54.005+0000] {base.py:84} INFO - Retrieving connection 'snowflake_conn'
[2025-01-20T10:38:54.012+0000] {base.py:84} INFO - Retrieving connection 'snowflake_conn'
[2025-01-20T10:38:54.013+0000] {connection.py:414} INFO - Snowflake Connector for Python Version: 3.12.4, Python Version: 3.12.8, Platform: Linux-6.12.9-orbstack-00297-gaa9b46293ea3-aarch64-with-glibc2.36
[2025-01-20T10:38:54.014+0000] {connection.py:1197} INFO - Connecting to GLOBAL Snowflake domain
[2025-01-20T10:38:54.014+0000] {connection.py:1278} INFO - This connection is in OCSP Fail Open Mode. TLS Certificates would be checked for validity and revocation status. Any other Certificate Revocation related exceptions or OCSP Responder failures would be disregarded in favor of connectivity.
[2025-01-20T10:38:54.916+0000] {cursor.py:1166} INFO - Number of results in first chunk: 1
[2025-01-20T10:38:54.916+0000] {sql.py:553} INFO - Running statement: SELECT CURRENT_VERSION();, parameters: None
[2025-01-20T10:38:54.993+0000] {cursor.py:1166} INFO - Number of results in first chunk: 1
[2025-01-20T10:38:54.993+0000] {sql.py:562} INFO - Rows affected: 1
[2025-01-20T10:38:54.994+0000] {snowflake.py:447} INFO - Rows affected: 1
[2025-01-20T10:38:54.994+0000] {snowflake.py:448} INFO - Snowflake query id: 01b9d5fe-3201-623a-000b-894e0001a192
[2025-01-20T10:38:55.122+0000] {cursor.py:1166} INFO - Number of results in first chunk: 1
[2025-01-20T10:38:55.123+0000] {connection.py:789} INFO - closed
[2025-01-20T10:38:55.154+0000] {connection.py:795} INFO - No async queries seem to be running, deleting session
[2025-01-20T10:38:55.273+0000] {taskinstance.py:340} INFO - ::group::Post task execution logs
[2025-01-20T10:38:55.273+0000] {taskinstance.py:352} INFO - Marking task as SUCCESS. dag_id=snowflake_dag_decorator_example, task_id=run_snowflake_query, run_id=manual__2025-01-20T10:38:51.336787+00:00, execution_date=20250120T103851, start_date=20250120T103853, end_date=20250120T103855
[2025-01-20T10:38:55.326+0000] {local_task_job_runner.py:266} INFO - Task exited with return code 0
[2025-01-20T10:38:55.347+0000] {taskinstance.py:3895} INFO - 1 downstream tasks scheduled from follow-on schedule check
[2025-01-20T10:38:55.352+0000] {local_task_job_runner.py:245} INFO - ::endgroup::
