[2025-01-20T10:38:57.582+0000] {local_task_job_runner.py:123} INFO - ::group::Pre task execution logs
[2025-01-20T10:38:57.593+0000] {taskinstance.py:2613} INFO - Dependencies all met for dep_context=non-requeueable deps ti=<TaskInstance: snowflake_dag_decorator_example.print_message manual__2025-01-20T10:38:51.336787+00:00 [queued]>
[2025-01-20T10:38:57.598+0000] {taskinstance.py:2613} INFO - Dependencies all met for dep_context=requeueable deps ti=<TaskInstance: snowflake_dag_decorator_example.print_message manual__2025-01-20T10:38:51.336787+00:00 [queued]>
[2025-01-20T10:38:57.599+0000] {taskinstance.py:2866} INFO - Starting attempt 1 of 2
[2025-01-20T10:38:57.608+0000] {taskinstance.py:2889} INFO - Executing <Task(_PythonDecoratedOperator): print_message> on 2025-01-20 10:38:51.336787+00:00
[2025-01-20T10:38:57.616+0000] {warnings.py:112} WARNING - /home/***/.local/lib/python3.12/site-packages/***/task/task_runner/standard_task_runner.py:70: DeprecationWarning: This process (pid=607) is multi-threaded, use of fork() may lead to deadlocks in the child.
  pid = os.fork()

[2025-01-20T10:38:57.620+0000] {standard_task_runner.py:72} INFO - Started process 609 to run task
[2025-01-20T10:38:57.620+0000] {standard_task_runner.py:104} INFO - Running: ['***', 'tasks', 'run', 'snowflake_dag_decorator_example', 'print_message', 'manual__2025-01-20T10:38:51.336787+00:00', '--job-id', '6', '--raw', '--subdir', 'DAGS_FOLDER/test_***_snowflake.py', '--cfg-path', '/tmp/tmp89ugvywe']
[2025-01-20T10:38:57.630+0000] {standard_task_runner.py:105} INFO - Job 6: Subtask print_message
[2025-01-20T10:38:57.674+0000] {task_command.py:467} INFO - Running <TaskInstance: snowflake_dag_decorator_example.print_message manual__2025-01-20T10:38:51.336787+00:00 [running]> on host fd6029332267
[2025-01-20T10:38:57.773+0000] {taskinstance.py:3132} INFO - Exporting env vars: AIRFLOW_CTX_DAG_OWNER='***' AIRFLOW_CTX_DAG_ID='snowflake_dag_decorator_example' AIRFLOW_CTX_TASK_ID='print_message' AIRFLOW_CTX_EXECUTION_DATE='2025-01-20T10:38:51.336787+00:00' AIRFLOW_CTX_TRY_NUMBER='1' AIRFLOW_CTX_DAG_RUN_ID='manual__2025-01-20T10:38:51.336787+00:00'
[2025-01-20T10:38:57.774+0000] {taskinstance.py:731} INFO - ::endgroup::
[2025-01-20T10:38:57.777+0000] {logging_mixin.py:190} INFO - Snowflake query execution is complete!
[2025-01-20T10:38:57.778+0000] {python.py:240} INFO - Done. Returned value was: None
[2025-01-20T10:38:57.790+0000] {taskinstance.py:340} INFO - ::group::Post task execution logs
[2025-01-20T10:38:57.791+0000] {taskinstance.py:352} INFO - Marking task as SUCCESS. dag_id=snowflake_dag_decorator_example, task_id=print_message, run_id=manual__2025-01-20T10:38:51.336787+00:00, execution_date=20250120T103851, start_date=20250120T103857, end_date=20250120T103857
[2025-01-20T10:38:57.811+0000] {local_task_job_runner.py:266} INFO - Task exited with return code 0
[2025-01-20T10:38:57.832+0000] {taskinstance.py:3895} INFO - 0 downstream tasks scheduled from follow-on schedule check
[2025-01-20T10:38:57.840+0000] {local_task_job_runner.py:245} INFO - ::endgroup::
